<?xml version="1.0" encoding="UTF-8"?>
<testsuite xmlns:xsi="http://www.w3.org/2001/XMLSchema-instance" xsi:noNamespaceSchemaLocation="https://maven.apache.org/surefire/maven-surefire-plugin/xsd/surefire-test-report-3.0.xsd" version="3.0" name="com.panaderia.PanTest" time="0.004" tests="2" errors="0" skipped="0" failures="0">
  <properties>
    <property name="java.specification.version" value="22"/>
    <property name="sun.cpu.isalist" value="amd64"/>
    <property name="sun.jnu.encoding" value="Cp1252"/>
    <property name="java.class.path" value="C:\Users\wilyc\OneDrive\Documentos\- Yo\UDLA\8 Semestre\Calidad de Software\Progreso 2\panadería\comparador-pan\target\test-classes;C:\Users\wilyc\OneDrive\Documentos\- Yo\UDLA\8 Semestre\Calidad de Software\Progreso 2\panadería\comparador-pan\target\classes;C:\Users\wilyc\.m2\repository\junit\junit\4.13.2\junit-4.13.2.jar;C:\Users\wilyc\.m2\repository\org\hamcrest\hamcrest-core\1.3\hamcrest-core-1.3.jar;"/>
    <property name="java.vm.vendor" value="Oracle Corporation"/>
    <property name="sun.arch.data.model" value="64"/>
    <property name="user.variant" value=""/>
    <property name="java.vendor.url" value="https://java.oracle.com/"/>
    <property name="user.timezone" value="America/Guayaquil"/>
    <property name="os.name" value="Windows 11"/>
    <property name="java.vm.specification.version" value="22"/>
    <property name="sun.java.launcher" value="SUN_STANDARD"/>
    <property name="user.country" value="EC"/>
    <property name="sun.boot.library.path" value="C:\Program Files\Java\jdk-22\bin"/>
    <property name="sun.java.command" value="C:\Users\wilyc\AppData\Local\Temp\surefire14497780931140222416\surefirebooter-20250601203943532_3.jar C:\Users\wilyc\AppData\Local\Temp\surefire14497780931140222416 2025-06-01T20-39-43_430-jvmRun1 surefire-20250601203943532_1tmp surefire_0-20250601203943532_2tmp"/>
    <property name="jdk.debug" value="release"/>
    <property name="surefire.test.class.path" value="C:\Users\wilyc\OneDrive\Documentos\- Yo\UDLA\8 Semestre\Calidad de Software\Progreso 2\panadería\comparador-pan\target\test-classes;C:\Users\wilyc\OneDrive\Documentos\- Yo\UDLA\8 Semestre\Calidad de Software\Progreso 2\panadería\comparador-pan\target\classes;C:\Users\wilyc\.m2\repository\junit\junit\4.13.2\junit-4.13.2.jar;C:\Users\wilyc\.m2\repository\org\hamcrest\hamcrest-core\1.3\hamcrest-core-1.3.jar;"/>
    <property name="sun.cpu.endian" value="little"/>
    <property name="user.home" value="C:\Users\wilyc"/>
    <property name="user.language" value="es"/>
    <property name="java.specification.vendor" value="Oracle Corporation"/>
    <property name="java.version.date" value="2024-04-16"/>
    <property name="java.home" value="C:\Program Files\Java\jdk-22"/>
    <property name="file.separator" value="\"/>
    <property name="basedir" value="C:\Users\wilyc\OneDrive\Documentos\- Yo\UDLA\8 Semestre\Calidad de Software\Progreso 2\panadería\comparador-pan"/>
    <property name="java.vm.compressedOopsMode" value="Zero based"/>
    <property name="line.separator" value="&#10;"/>
    <property name="java.vm.specification.vendor" value="Oracle Corporation"/>
    <property name="java.specification.name" value="Java Platform API Specification"/>
    <property name="surefire.real.class.path" value="C:\Users\wilyc\AppData\Local\Temp\surefire14497780931140222416\surefirebooter-20250601203943532_3.jar"/>
    <property name="user.script" value=""/>
    <property name="sun.management.compiler" value="HotSpot 64-Bit Tiered Compilers"/>
    <property name="java.runtime.version" value="22.0.1+8-16"/>
    <property name="user.name" value="wilyc"/>
    <property name="stdout.encoding" value="Cp1252"/>
    <property name="path.separator" value=";"/>
    <property name="os.version" value="10.0"/>
    <property name="java.runtime.name" value="Java(TM) SE Runtime Environment"/>
    <property name="file.encoding" value="UTF-8"/>
    <property name="java.vm.name" value="Java HotSpot(TM) 64-Bit Server VM"/>
    <property name="localRepository" value="C:\Users\wilyc\.m2\repository"/>
    <property name="java.vendor.url.bug" value="https://bugreport.java.com/bugreport/"/>
    <property name="java.io.tmpdir" value="C:\Users\wilyc\AppData\Local\Temp\"/>
    <property name="java.version" value="22.0.1"/>
    <property name="user.dir" value="C:\Users\wilyc\OneDrive\Documentos\- Yo\UDLA\8 Semestre\Calidad de Software\Progreso 2\panadería\comparador-pan"/>
    <property name="os.arch" value="amd64"/>
    <property name="java.vm.specification.name" value="Java Virtual Machine Specification"/>
    <property name="sun.os.patch.level" value=""/>
    <property name="native.encoding" value="Cp1252"/>
    <property name="java.library.path" value="C:\Program Files\Java\jdk-22\bin;C:\Windows\Sun\Java\bin;C:\Windows\system32;C:\Windows;C:\Program Files\Java\jdk-22\bin;C:\Users\wilyc\OneDrive\Documentos\- Yo\UDLA\Sexto Semestre\Diseño y Arquitectura\apache-maven-3.9.8\bin;C:\Program Files (x86)\Common Files\Oracle\Java\java8path;C:\Program Files (x86)\Common Files\Oracle\Java\javapath;C:\Windows\System32\WindowsPowerShell\v1.0;C:\Program Files\OpenLogic\jdk-11.0.25.9-hotspot\bin;C:\- Programas\VMware\bin\;C:\Program Files\Microsoft SQL Server\150\Tools\Binn\;C:\Program Files\Microsoft SQL Server\Client SDK\ODBC\170\Tools\Binn\;C:\Program Files\Microsoft SQL Server\160\DTS\Binn\;C:\Program Files\Microsoft SQL Server\160\Tools\Binn\;C:\- Programas\Go\bin;C:\Program Files\Docker\Docker\resources\bin;C:\Program Files (x86)\NVIDIA Corporation\PhysX\Common;C:\Program Files\dotnet\;C:\- Programas\- Otros\ffmeg\ffmpeg-master-latest-win64-gpl\bin;C:\Program Files\NVIDIA Corporation\NVIDIA app\NvDLISR;C:\Users\wilyc\AppData\Local\Programs\Python\Python312;C:\_Programs\xampp\php;C:\ProgramData\ComposerSetup\bin;C:\- Programas\nodeJs\;C:\Users\wilyc\AppData\Local\Programs\Python\Python312\Scripts;C:\- Programas\Git\cmd;C:\Windows\System32;C:\Program Files\Java\jdk-22\bin;C:\Users\wilyc\AppData\Local\Programs\Python\Launcher\;C:\Program Files\dotnet;C:\Users\wilyc\go\bin;C:\Users\wilyc\.dotnet\tools;C:\Users\wilyc\AppData\Roaming\Composer\vendor\bin;C:\- Programas\Visual Studio Code\bin;C:\Users\wilyc\AppData\Roaming\npm;C:\Users\wilyc\AppData\Local\GitHubDesktop\bin;;c:\Users\wilyc\AppData\Roaming\Code\User\globalStorage\github.copilot-chat\debugCommand;."/>
    <property name="java.vm.info" value="mixed mode, sharing"/>
    <property name="stderr.encoding" value="Cp1252"/>
    <property name="java.vendor" value="Oracle Corporation"/>
    <property name="java.vm.version" value="22.0.1+8-16"/>
    <property name="sun.io.unicode.encoding" value="UnicodeLittle"/>
    <property name="java.class.version" value="66.0"/>
  </properties>
  <testcase name="testToString" classname="com.panaderia.PanTest" time="0.003"/>
  <testcase name="testGetters" classname="com.panaderia.PanTest" time="0.0"/>
</testsuite>